<?xml version="1.0" encoding="UTF-8"?>
<!-- Generated by org.testng.reporters.JUnitReportReporter -->
<testsuite hostname="DESKTOP-SI180QA" failures="0" tests="1" name="testScript.HomeTest" time="5.783" errors="0" timestamp="2024-09-16T14:14:47 IST" skipped="0">
  <testcase classname="testScript.HomeTest" name="TC01_verifyLoggedInUsername" time="5.783"/>
</testsuite> <!-- testScript.HomeTest -->
